<?xml version="1.0" encoding="UTF-8"?>
<!-- Generated by org.testng.reporters.JUnitReportReporter -->
<testsuite hostname="Arifur301" failures="0" tests="1" name="test.MoneyTransfer" time="17.687" errors="0" timestamp="2023-05-23T20:14:39 CDT" skipped="0">
  <testcase classname="test.MoneyTransfer" name="userShouldBeAbleToTransferMoney" time="17.687"/>
  <system-out/>
</testsuite> <!-- test.MoneyTransfer -->
