<?xml version="1.0" encoding="UTF-8"?>
<!-- Generated by org.testng.reporters.JUnitReportReporter -->
<testsuite hostname="Arifur301" failures="0" tests="1" name="test.SelectTest" time="10.166" errors="0" timestamp="2023-05-21T13:52:31 CDT" skipped="0">
  <testcase classname="test.SelectTest" name="selectTest" time="10.166"/>
  <system-out/>
</testsuite> <!-- test.SelectTest -->
