<?xml version="1.0" encoding="UTF-8"?>
<!-- Generated by org.testng.reporters.JUnitReportReporter -->
<testsuite hostname="Arifur301" failures="0" tests="1" name="test.MoneyTransfer" time="17.157" errors="0" timestamp="2023-05-24T11:23:25 CDT" skipped="0">
  <testcase classname="test.MoneyTransfer" name="userShouldBeAbleToTransferMoney" time="17.157"/>
  <system-out/>
</testsuite> <!-- test.MoneyTransfer -->
