<?xml version="1.0" encoding="UTF-8"?>
<!-- Generated by org.testng.reporters.JUnitReportReporter -->
<testsuite hostname="Arifur301" failures="0" tests="1" name="test.AddNewAccount" time="6.357" errors="0" timestamp="2023-05-23T21:15:08 CDT" skipped="0">
  <testcase classname="test.AddNewAccount" name="userShouldBeAbleToTransferMoney" time="6.357"/>
  <system-out/>
</testsuite> <!-- test.AddNewAccount -->
