<?xml version="1.0" encoding="UTF-8"?>
<!-- Generated by org.testng.reporters.JUnitReportReporter -->
<testsuite hostname="Arifur301" failures="0" tests="2" name="test.SampleTest" time="7.320" errors="0" timestamp="2023-05-24T11:06:44 CDT" skipped="0">
  <testcase classname="test.SampleTest" name="sampleTest" time="2.930"/>
  <system-out/>
  <testcase classname="test.SampleTest" name="invalidUsersShouldNotBeAbleToLogin" time="4.390"/>
  <system-out/>
</testsuite> <!-- test.SampleTest -->
